2024-02-27 18:13:10,081 INFO o.a.j.u.JMeterUtils: Setting Locale to en_EN
2024-02-27 18:13:10,091 INFO o.a.j.JMeter: Loading user properties from: C:\Users\Villonta\Downloads\apache-jmeter-5.6.3\bin\user.properties
2024-02-27 18:13:10,092 INFO o.a.j.JMeter: Loading system properties from: C:\Users\Villonta\Downloads\apache-jmeter-5.6.3\bin\system.properties
2024-02-27 18:13:10,098 INFO o.a.j.JMeter: Copyright (c) 1998-2024 The Apache Software Foundation
2024-02-27 18:13:10,098 INFO o.a.j.JMeter: Version 5.6.3
2024-02-27 18:13:10,098 INFO o.a.j.JMeter: java.version=1.8.0_401
2024-02-27 18:13:10,099 INFO o.a.j.JMeter: java.vm.name=Java HotSpot(TM) 64-Bit Server VM
2024-02-27 18:13:10,099 INFO o.a.j.JMeter: os.name=Windows 11
2024-02-27 18:13:10,099 INFO o.a.j.JMeter: os.arch=amd64
2024-02-27 18:13:10,099 INFO o.a.j.JMeter: os.version=10.0
2024-02-27 18:13:10,099 INFO o.a.j.JMeter: file.encoding=Cp1252
2024-02-27 18:13:10,099 INFO o.a.j.JMeter: java.awt.headless=null
2024-02-27 18:13:10,100 INFO o.a.j.JMeter: Max memory     =1073741824
2024-02-27 18:13:10,100 INFO o.a.j.JMeter: Available Processors =12
2024-02-27 18:13:10,104 INFO o.a.j.JMeter: Default Locale=English (EN)
2024-02-27 18:13:10,104 INFO o.a.j.JMeter: JMeter  Locale=English (EN)
2024-02-27 18:13:10,104 INFO o.a.j.JMeter: JMeterHome=C:\Users\Villonta\Downloads\apache-jmeter-5.6.3
2024-02-27 18:13:10,104 INFO o.a.j.JMeter: user.dir  =C:\Users\Villonta\OneDrive\Escritorio\LeanWare\Jmeter
2024-02-27 18:13:10,105 INFO o.a.j.JMeter: PWD       =C:\Users\Villonta\OneDrive\Escritorio\LeanWare\Jmeter
2024-02-27 18:13:10,111 INFO o.a.j.JMeter: IP: 192.168.1.9 Name: LAPTOP-MUKU1ITQ FullName: LAPTOP-MUKU1ITQ
2024-02-27 18:13:10,125 INFO o.a.j.JMeter: Loaded icon properties from org/apache/jmeter/images/icon.properties
2024-02-27 18:13:10,377 INFO o.a.j.JMeterGuiLauncher: Setting LAF to: com.github.weisj.darklaf.DarkLaf:com.github.weisj.darklaf.theme.DarculaTheme
2024-02-27 18:13:18,037 INFO o.a.j.s.FileServer: Default base='C:\Users\Villonta\OneDrive\Escritorio\LeanWare\Jmeter'
2024-02-27 18:13:18,039 INFO o.a.j.g.a.Load: Loading file: C:\Users\Villonta\OneDrive\Escritorio\LeanWare\Jmeter\Test Plan LeanWare.jmx
2024-02-27 18:13:18,039 INFO o.a.j.s.FileServer: Set new base='C:\Users\Villonta\OneDrive\Escritorio\LeanWare\Jmeter'
2024-02-27 18:13:18,173 INFO o.a.j.s.SaveService: Testplan (JMX) version: 2.2. Testlog (JTL) version: 2.2
2024-02-27 18:13:18,213 INFO o.a.j.s.SaveService: Using SaveService properties file encoding UTF-8
2024-02-27 18:13:18,214 INFO o.a.j.s.SaveService: Using SaveService properties version 5.0
2024-02-27 18:13:18,217 INFO o.a.j.s.SaveService: Loading file: C:\Users\Villonta\OneDrive\Escritorio\LeanWare\Jmeter\Test Plan LeanWare.jmx
2024-02-27 18:13:18,248 INFO o.a.j.p.h.s.HTTPSamplerBase: Parser for text/html is org.apache.jmeter.protocol.http.parser.LagartoBasedHtmlParser
2024-02-27 18:13:18,248 INFO o.a.j.p.h.s.HTTPSamplerBase: Parser for application/xhtml+xml is org.apache.jmeter.protocol.http.parser.LagartoBasedHtmlParser
2024-02-27 18:13:18,248 INFO o.a.j.p.h.s.HTTPSamplerBase: Parser for application/xml is org.apache.jmeter.protocol.http.parser.LagartoBasedHtmlParser
2024-02-27 18:13:18,248 INFO o.a.j.p.h.s.HTTPSamplerBase: Parser for text/xml is org.apache.jmeter.protocol.http.parser.LagartoBasedHtmlParser
2024-02-27 18:13:18,248 INFO o.a.j.p.h.s.HTTPSamplerBase: Parser for text/vnd.wap.wml is org.apache.jmeter.protocol.http.parser.RegexpHTMLParser
2024-02-27 18:13:18,248 INFO o.a.j.p.h.s.HTTPSamplerBase: Parser for text/css is org.apache.jmeter.protocol.http.parser.CssParser
2024-02-27 18:13:18,455 INFO o.a.j.s.SampleResult: Note: Sample TimeStamps are START times
2024-02-27 18:13:18,455 INFO o.a.j.s.SampleResult: sampleresult.default.encoding is set to UTF-8
2024-02-27 18:13:18,455 INFO o.a.j.s.SampleResult: sampleresult.useNanoTime=true
2024-02-27 18:13:18,455 INFO o.a.j.s.SampleResult: sampleresult.nanoThreadSleep=5000
2024-02-27 18:13:18,818 INFO o.a.j.s.FileServer: Set new base='C:\Users\Villonta\OneDrive\Escritorio\LeanWare\Jmeter'
2024-02-27 18:13:56,400 INFO o.a.j.e.StandardJMeterEngine: Running the test!
2024-02-27 18:13:56,401 INFO o.a.j.s.SampleEvent: List of sample_variables: []
2024-02-27 18:13:56,402 INFO o.a.j.s.SampleEvent: List of sample_variables: []
2024-02-27 18:13:56,403 INFO o.a.j.e.u.CompoundVariable: Note: Function class names must contain the string: '.functions.'
2024-02-27 18:13:56,403 INFO o.a.j.e.u.CompoundVariable: Note: Function class names must not contain the string: '.gui.'
2024-02-27 18:13:56,710 INFO o.a.j.g.u.JMeterMenuBar: setRunning(true, *local*)
2024-02-27 18:13:56,845 INFO o.a.j.e.StandardJMeterEngine: Starting ThreadGroup: 1 : Thread Group
2024-02-27 18:13:56,847 INFO o.a.j.e.StandardJMeterEngine: Starting 5 threads for group Thread Group.
2024-02-27 18:13:56,847 INFO o.a.j.e.StandardJMeterEngine: Thread will continue on error
2024-02-27 18:13:56,847 INFO o.a.j.t.ThreadGroup: Starting thread group... number=1 threads=5 ramp-up=60 delayedStart=false
2024-02-27 18:13:56,858 INFO o.a.j.t.JMeterThread: Thread started: Thread Group 1-1
2024-02-27 18:13:56,859 INFO o.a.j.t.ThreadGroup: Started thread group number 1
2024-02-27 18:13:56,859 INFO o.a.j.e.StandardJMeterEngine: Starting ThreadGroup: 2 : StressTest
2024-02-27 18:13:56,860 INFO o.a.j.e.StandardJMeterEngine: Starting 10 threads for group StressTest.
2024-02-27 18:13:56,860 INFO o.a.j.e.StandardJMeterEngine: Thread will continue on error
2024-02-27 18:13:56,860 INFO o.a.j.t.ThreadGroup: Starting thread group... number=2 threads=10 ramp-up=5 delayedStart=false
2024-02-27 18:13:56,863 INFO o.a.j.t.JMeterThread: Thread started: StressTest 2-1
2024-02-27 18:13:56,867 INFO o.a.j.t.ThreadGroup: Started thread group number 2
2024-02-27 18:13:56,867 INFO o.a.j.e.StandardJMeterEngine: All thread groups have been started
2024-02-27 18:13:56,878 INFO o.a.j.p.h.s.HTTPHCAbstractImpl: Local host = LAPTOP-MUKU1ITQ
2024-02-27 18:13:56,885 INFO o.a.j.p.h.s.HTTPHC4Impl: HTTP request retry count = 0
2024-02-27 18:13:57,164 INFO o.a.j.p.h.s.h.LazyLayeredConnectionSocketFactory: Setting up HTTPS TrustAll Socket Factory
2024-02-27 18:13:57,168 INFO o.a.j.u.JsseSSLManager: Using default SSL protocol: TLS
2024-02-27 18:13:57,168 INFO o.a.j.u.JsseSSLManager: SSL session context: per-thread
2024-02-27 18:13:57,362 INFO o.a.j.t.JMeterThread: Thread started: StressTest 2-2
2024-02-27 18:13:57,862 INFO o.a.j.t.JMeterThread: Thread started: StressTest 2-3
2024-02-27 18:13:57,885 INFO o.a.j.u.SSLManager: JmeterKeyStore Location:  type JKS
2024-02-27 18:13:57,888 INFO o.a.j.u.SSLManager: KeyStore created OK
2024-02-27 18:13:57,888 WARN o.a.j.u.SSLManager: Keystore file not found, loading empty keystore
2024-02-27 18:13:58,364 INFO o.a.j.t.JMeterThread: Thread started: StressTest 2-4
2024-02-27 18:13:58,838 INFO o.a.j.t.JMeterThread: Thread is done: Thread Group 1-1
2024-02-27 18:13:58,838 INFO o.a.j.t.JMeterThread: Thread finished: Thread Group 1-1
2024-02-27 18:13:58,863 INFO o.a.j.t.JMeterThread: Thread started: StressTest 2-5
2024-02-27 18:13:59,361 INFO o.a.j.t.JMeterThread: Thread started: StressTest 2-6
2024-02-27 18:13:59,862 INFO o.a.j.t.JMeterThread: Thread started: StressTest 2-7
2024-02-27 18:14:00,112 INFO o.a.j.t.JMeterThread: Thread is done: StressTest 2-3
2024-02-27 18:14:00,112 INFO o.a.j.t.JMeterThread: Thread finished: StressTest 2-3
2024-02-27 18:14:00,127 INFO o.a.j.t.JMeterThread: Thread is done: StressTest 2-4
2024-02-27 18:14:00,127 INFO o.a.j.t.JMeterThread: Thread finished: StressTest 2-4
2024-02-27 18:14:00,157 INFO o.a.j.t.JMeterThread: Thread is done: StressTest 2-2
2024-02-27 18:14:00,157 INFO o.a.j.t.JMeterThread: Thread finished: StressTest 2-2
2024-02-27 18:14:00,249 INFO o.a.j.t.JMeterThread: Thread is done: StressTest 2-1
2024-02-27 18:14:00,249 INFO o.a.j.t.JMeterThread: Thread finished: StressTest 2-1
2024-02-27 18:14:00,361 INFO o.a.j.t.JMeterThread: Thread started: StressTest 2-8
2024-02-27 18:14:00,617 INFO o.a.j.t.JMeterThread: Thread is done: StressTest 2-5
2024-02-27 18:14:00,618 INFO o.a.j.t.JMeterThread: Thread finished: StressTest 2-5
2024-02-27 18:14:00,860 INFO o.a.j.t.JMeterThread: Thread started: StressTest 2-9
2024-02-27 18:14:00,988 INFO o.a.j.t.JMeterThread: Thread is done: StressTest 2-6
2024-02-27 18:14:00,988 INFO o.a.j.t.JMeterThread: Thread finished: StressTest 2-6
2024-02-27 18:14:01,361 INFO o.a.j.t.JMeterThread: Thread started: StressTest 2-10
2024-02-27 18:14:01,572 INFO o.a.j.t.JMeterThread: Thread is done: StressTest 2-7
2024-02-27 18:14:01,573 INFO o.a.j.t.JMeterThread: Thread finished: StressTest 2-7
2024-02-27 18:14:02,074 INFO o.a.j.t.JMeterThread: Thread is done: StressTest 2-8
2024-02-27 18:14:02,074 INFO o.a.j.t.JMeterThread: Thread finished: StressTest 2-8
2024-02-27 18:14:02,634 INFO o.a.j.t.JMeterThread: Thread is done: StressTest 2-9
2024-02-27 18:14:02,634 INFO o.a.j.t.JMeterThread: Thread finished: StressTest 2-9
2024-02-27 18:14:03,005 INFO o.a.j.t.JMeterThread: Thread is done: StressTest 2-10
2024-02-27 18:14:03,005 INFO o.a.j.t.JMeterThread: Thread finished: StressTest 2-10
2024-02-27 18:14:08,852 INFO o.a.j.t.JMeterThread: Thread started: Thread Group 1-2
2024-02-27 18:14:09,180 INFO o.a.j.t.JMeterThread: Thread is done: Thread Group 1-2
2024-02-27 18:14:09,180 INFO o.a.j.t.JMeterThread: Thread finished: Thread Group 1-2
2024-02-27 18:14:20,853 INFO o.a.j.t.JMeterThread: Thread started: Thread Group 1-3
2024-02-27 18:14:21,288 INFO o.a.j.t.JMeterThread: Thread is done: Thread Group 1-3
2024-02-27 18:14:21,288 INFO o.a.j.t.JMeterThread: Thread finished: Thread Group 1-3
2024-02-27 18:14:32,867 INFO o.a.j.t.JMeterThread: Thread started: Thread Group 1-4
2024-02-27 18:14:33,300 INFO o.a.j.t.JMeterThread: Thread is done: Thread Group 1-4
2024-02-27 18:14:33,300 INFO o.a.j.t.JMeterThread: Thread finished: Thread Group 1-4
2024-02-27 18:14:44,855 INFO o.a.j.t.JMeterThread: Thread started: Thread Group 1-5
2024-02-27 18:14:45,178 INFO o.a.j.t.JMeterThread: Thread is done: Thread Group 1-5
2024-02-27 18:14:45,178 INFO o.a.j.t.JMeterThread: Thread finished: Thread Group 1-5
2024-02-27 18:14:45,178 INFO o.a.j.e.StandardJMeterEngine: Notifying test listeners of end of test
2024-02-27 18:14:45,178 INFO o.a.j.g.u.JMeterMenuBar: setRunning(false, *local*)
